CRITICAL - 2021-05-27 07:34:37 --> Invalid file: journal.php
#0 C:\wamp64\www\travel_journal\vendor\codeigniter4\framework\system\View\View.php(213): CodeIgniter\Exceptions\FrameworkException::forInvalidFile('journal.php')
#1 C:\wamp64\www\travel_journal\vendor\codeigniter4\framework\system\Common.php(1250): CodeIgniter\View\View->render('journal', Array, true)
#2 C:\wamp64\www\travel_journal\app\Controllers\Journal.php(59): view('journal')
#3 C:\wamp64\www\travel_journal\vendor\codeigniter4\framework\system\CodeIgniter.php(931): App\Controllers\Journal->review('1')
#4 C:\wamp64\www\travel_journal\vendor\codeigniter4\framework\system\CodeIgniter.php(439): CodeIgniter\CodeIgniter->runController(Object(App\Controllers\Journal))
#5 C:\wamp64\www\travel_journal\vendor\codeigniter4\framework\system\CodeIgniter.php(339): CodeIgniter\CodeIgniter->handleRequest(NULL, Object(Config\Cache), false)
#6 C:\wamp64\www\travel_journal\public\index.php(36): CodeIgniter\CodeIgniter->run()
#7 C:\wamp64\www\travel_journal\vendor\codeigniter4\framework\system\Commands\Server\rewrite.php(45): require_once('C:\\wamp64\\www\\t...')
#8 {main}
CRITICAL - 2021-05-27 07:35:27 --> Invalid file: journal.php
#0 C:\wamp64\www\travel_journal\vendor\codeigniter4\framework\system\View\View.php(213): CodeIgniter\Exceptions\FrameworkException::forInvalidFile('journal.php')
#1 C:\wamp64\www\travel_journal\vendor\codeigniter4\framework\system\Common.php(1250): CodeIgniter\View\View->render('journal', Array, true)
#2 C:\wamp64\www\travel_journal\app\Controllers\Journal.php(59): view('journal')
#3 C:\wamp64\www\travel_journal\vendor\codeigniter4\framework\system\CodeIgniter.php(931): App\Controllers\Journal->review('3')
#4 C:\wamp64\www\travel_journal\vendor\codeigniter4\framework\system\CodeIgniter.php(439): CodeIgniter\CodeIgniter->runController(Object(App\Controllers\Journal))
#5 C:\wamp64\www\travel_journal\vendor\codeigniter4\framework\system\CodeIgniter.php(339): CodeIgniter\CodeIgniter->handleRequest(NULL, Object(Config\Cache), false)
#6 C:\wamp64\www\travel_journal\public\index.php(36): CodeIgniter\CodeIgniter->run()
#7 C:\wamp64\www\travel_journal\vendor\codeigniter4\framework\system\Commands\Server\rewrite.php(45): require_once('C:\\wamp64\\www\\t...')
#8 {main}
CRITICAL - 2021-05-27 08:41:38 --> Undefined variable: cssFile
#0 C:\wamp64\www\travel_journal\app\Views\templates\header_user.php(17): CodeIgniter\Debug\Exceptions->errorHandler(8, 'Undefined varia...', 'C:\\wamp64\\www\\t...', 17, Array)
#1 C:\wamp64\www\travel_journal\vendor\codeigniter4\framework\system\View\View.php(230): include('C:\\wamp64\\www\\t...')
#2 C:\wamp64\www\travel_journal\vendor\codeigniter4\framework\system\View\View.php(232): CodeIgniter\View\View->CodeIgniter\View\{closure}()
#3 C:\wamp64\www\travel_journal\vendor\codeigniter4\framework\system\Common.php(1250): CodeIgniter\View\View->render('templates/heade...', Array, true)
#4 C:\wamp64\www\travel_journal\app\Controllers\Password.php(12): view('templates/heade...')
#5 C:\wamp64\www\travel_journal\vendor\codeigniter4\framework\system\CodeIgniter.php(931): App\Controllers\Password->listPassQuestions()
#6 C:\wamp64\www\travel_journal\vendor\codeigniter4\framework\system\CodeIgniter.php(439): CodeIgniter\CodeIgniter->runController(Object(App\Controllers\Password))
#7 C:\wamp64\www\travel_journal\vendor\codeigniter4\framework\system\CodeIgniter.php(339): CodeIgniter\CodeIgniter->handleRequest(NULL, Object(Config\Cache), false)
#8 C:\wamp64\www\travel_journal\public\index.php(36): CodeIgniter\CodeIgniter->run()
#9 C:\wamp64\www\travel_journal\vendor\codeigniter4\framework\system\Commands\Server\rewrite.php(45): require_once('C:\\wamp64\\www\\t...')
#10 {main}
CRITICAL - 2021-05-27 08:54:15 --> Undefined variable: cssFile
#0 C:\wamp64\www\travel_journal\app\Views\templates\header_user.php(17): CodeIgniter\Debug\Exceptions->errorHandler(8, 'Undefined varia...', 'C:\\wamp64\\www\\t...', 17, Array)
#1 C:\wamp64\www\travel_journal\vendor\codeigniter4\framework\system\View\View.php(230): include('C:\\wamp64\\www\\t...')
#2 C:\wamp64\www\travel_journal\vendor\codeigniter4\framework\system\View\View.php(232): CodeIgniter\View\View->CodeIgniter\View\{closure}()
#3 C:\wamp64\www\travel_journal\vendor\codeigniter4\framework\system\Common.php(1250): CodeIgniter\View\View->render('templates/heade...', Array, true)
#4 C:\wamp64\www\travel_journal\app\Controllers\Password.php(14): view('templates/heade...')
#5 C:\wamp64\www\travel_journal\vendor\codeigniter4\framework\system\CodeIgniter.php(931): App\Controllers\Password->listPassQuestions()
#6 C:\wamp64\www\travel_journal\vendor\codeigniter4\framework\system\CodeIgniter.php(439): CodeIgniter\CodeIgniter->runController(Object(App\Controllers\Password))
#7 C:\wamp64\www\travel_journal\vendor\codeigniter4\framework\system\CodeIgniter.php(339): CodeIgniter\CodeIgniter->handleRequest(NULL, Object(Config\Cache), false)
#8 C:\wamp64\www\travel_journal\public\index.php(36): CodeIgniter\CodeIgniter->run()
#9 C:\wamp64\www\travel_journal\vendor\codeigniter4\framework\system\Commands\Server\rewrite.php(45): require_once('C:\\wamp64\\www\\t...')
#10 {main}
CRITICAL - 2021-05-27 08:54:17 --> Undefined variable: cssFile
#0 C:\wamp64\www\travel_journal\app\Views\templates\header_user.php(17): CodeIgniter\Debug\Exceptions->errorHandler(8, 'Undefined varia...', 'C:\\wamp64\\www\\t...', 17, Array)
#1 C:\wamp64\www\travel_journal\vendor\codeigniter4\framework\system\View\View.php(230): include('C:\\wamp64\\www\\t...')
#2 C:\wamp64\www\travel_journal\vendor\codeigniter4\framework\system\View\View.php(232): CodeIgniter\View\View->CodeIgniter\View\{closure}()
#3 C:\wamp64\www\travel_journal\vendor\codeigniter4\framework\system\Common.php(1250): CodeIgniter\View\View->render('templates/heade...', Array, true)
#4 C:\wamp64\www\travel_journal\app\Controllers\Password.php(14): view('templates/heade...')
#5 C:\wamp64\www\travel_journal\vendor\codeigniter4\framework\system\CodeIgniter.php(931): App\Controllers\Password->listPassQuestions()
#6 C:\wamp64\www\travel_journal\vendor\codeigniter4\framework\system\CodeIgniter.php(439): CodeIgniter\CodeIgniter->runController(Object(App\Controllers\Password))
#7 C:\wamp64\www\travel_journal\vendor\codeigniter4\framework\system\CodeIgniter.php(339): CodeIgniter\CodeIgniter->handleRequest(NULL, Object(Config\Cache), false)
#8 C:\wamp64\www\travel_journal\public\index.php(36): CodeIgniter\CodeIgniter->run()
#9 C:\wamp64\www\travel_journal\vendor\codeigniter4\framework\system\Commands\Server\rewrite.php(45): require_once('C:\\wamp64\\www\\t...')
#10 {main}
CRITICAL - 2021-05-27 08:54:51 --> Undefined variable: cssFile
#0 C:\wamp64\www\travel_journal\app\Views\templates\header_user.php(17): CodeIgniter\Debug\Exceptions->errorHandler(8, 'Undefined varia...', 'C:\\wamp64\\www\\t...', 17, Array)
#1 C:\wamp64\www\travel_journal\vendor\codeigniter4\framework\system\View\View.php(230): include('C:\\wamp64\\www\\t...')
#2 C:\wamp64\www\travel_journal\vendor\codeigniter4\framework\system\View\View.php(232): CodeIgniter\View\View->CodeIgniter\View\{closure}()
#3 C:\wamp64\www\travel_journal\vendor\codeigniter4\framework\system\Common.php(1250): CodeIgniter\View\View->render('templates/heade...', Array, true)
#4 C:\wamp64\www\travel_journal\app\Controllers\Password.php(14): view('templates/heade...')
#5 C:\wamp64\www\travel_journal\vendor\codeigniter4\framework\system\CodeIgniter.php(931): App\Controllers\Password->listPassQuestions()
#6 C:\wamp64\www\travel_journal\vendor\codeigniter4\framework\system\CodeIgniter.php(439): CodeIgniter\CodeIgniter->runController(Object(App\Controllers\Password))
#7 C:\wamp64\www\travel_journal\vendor\codeigniter4\framework\system\CodeIgniter.php(339): CodeIgniter\CodeIgniter->handleRequest(NULL, Object(Config\Cache), false)
#8 C:\wamp64\www\travel_journal\public\index.php(36): CodeIgniter\CodeIgniter->run()
#9 C:\wamp64\www\travel_journal\vendor\codeigniter4\framework\system\Commands\Server\rewrite.php(45): require_once('C:\\wamp64\\www\\t...')
#10 {main}
CRITICAL - 2021-05-27 08:55:18 --> Undefined variable: cssFile
#0 C:\wamp64\www\travel_journal\app\Views\templates\header_user.php(17): CodeIgniter\Debug\Exceptions->errorHandler(8, 'Undefined varia...', 'C:\\wamp64\\www\\t...', 17, Array)
#1 C:\wamp64\www\travel_journal\vendor\codeigniter4\framework\system\View\View.php(230): include('C:\\wamp64\\www\\t...')
#2 C:\wamp64\www\travel_journal\vendor\codeigniter4\framework\system\View\View.php(232): CodeIgniter\View\View->CodeIgniter\View\{closure}()
#3 C:\wamp64\www\travel_journal\vendor\codeigniter4\framework\system\Common.php(1250): CodeIgniter\View\View->render('templates/heade...', Array, true)
#4 C:\wamp64\www\travel_journal\app\Controllers\Password.php(14): view('templates/heade...')
#5 C:\wamp64\www\travel_journal\vendor\codeigniter4\framework\system\CodeIgniter.php(931): App\Controllers\Password->listPassQuestions()
#6 C:\wamp64\www\travel_journal\vendor\codeigniter4\framework\system\CodeIgniter.php(439): CodeIgniter\CodeIgniter->runController(Object(App\Controllers\Password))
#7 C:\wamp64\www\travel_journal\vendor\codeigniter4\framework\system\CodeIgniter.php(339): CodeIgniter\CodeIgniter->handleRequest(NULL, Object(Config\Cache), false)
#8 C:\wamp64\www\travel_journal\public\index.php(36): CodeIgniter\CodeIgniter->run()
#9 C:\wamp64\www\travel_journal\vendor\codeigniter4\framework\system\Commands\Server\rewrite.php(45): require_once('C:\\wamp64\\www\\t...')
#10 {main}
CRITICAL - 2021-05-27 08:56:45 --> Undefined variable: jsFile
#0 C:\wamp64\www\travel_journal\app\Views\templates\header_user.php(14): CodeIgniter\Debug\Exceptions->errorHandler(8, 'Undefined varia...', 'C:\\wamp64\\www\\t...', 14, Array)
#1 C:\wamp64\www\travel_journal\vendor\codeigniter4\framework\system\View\View.php(230): include('C:\\wamp64\\www\\t...')
#2 C:\wamp64\www\travel_journal\vendor\codeigniter4\framework\system\View\View.php(232): CodeIgniter\View\View->CodeIgniter\View\{closure}()
#3 C:\wamp64\www\travel_journal\vendor\codeigniter4\framework\system\Common.php(1250): CodeIgniter\View\View->render('templates/heade...', Array, true)
#4 C:\wamp64\www\travel_journal\app\Controllers\Password.php(14): view('templates/heade...')
#5 C:\wamp64\www\travel_journal\vendor\codeigniter4\framework\system\CodeIgniter.php(931): App\Controllers\Password->listPassQuestions()
#6 C:\wamp64\www\travel_journal\vendor\codeigniter4\framework\system\CodeIgniter.php(439): CodeIgniter\CodeIgniter->runController(Object(App\Controllers\Password))
#7 C:\wamp64\www\travel_journal\vendor\codeigniter4\framework\system\CodeIgniter.php(339): CodeIgniter\CodeIgniter->handleRequest(NULL, Object(Config\Cache), false)
#8 C:\wamp64\www\travel_journal\public\index.php(36): CodeIgniter\CodeIgniter->run()
#9 C:\wamp64\www\travel_journal\vendor\codeigniter4\framework\system\Commands\Server\rewrite.php(45): require_once('C:\\wamp64\\www\\t...')
#10 {main}
CRITICAL - 2021-05-27 09:18:33 --> Invalid file: pages/map.php
#0 C:\wamp64\www\travel_journal\vendor\codeigniter4\framework\system\View\View.php(213): CodeIgniter\Exceptions\FrameworkException::forInvalidFile('pages/map.php')
#1 C:\wamp64\www\travel_journal\vendor\codeigniter4\framework\system\Common.php(1250): CodeIgniter\View\View->render('pages/map', Array, true)
#2 C:\wamp64\www\travel_journal\app\Controllers\ListOfReviews.php(15): view('pages/map', Array)
#3 C:\wamp64\www\travel_journal\app\Controllers\ListOfReviews.php(50): App\Controllers\ListOfReviews->displayPage('map', Array)
#4 C:\wamp64\www\travel_journal\vendor\codeigniter4\framework\system\CodeIgniter.php(931): App\Controllers\ListOfReviews->passport()
#5 C:\wamp64\www\travel_journal\vendor\codeigniter4\framework\system\CodeIgniter.php(439): CodeIgniter\CodeIgniter->runController(Object(App\Controllers\ListOfReviews))
#6 C:\wamp64\www\travel_journal\vendor\codeigniter4\framework\system\CodeIgniter.php(339): CodeIgniter\CodeIgniter->handleRequest(NULL, Object(Config\Cache), false)
#7 C:\wamp64\www\travel_journal\public\index.php(36): CodeIgniter\CodeIgniter->run()
#8 C:\wamp64\www\travel_journal\vendor\codeigniter4\framework\system\Commands\Server\rewrite.php(45): require_once('C:\\wamp64\\www\\t...')
#9 {main}
