CRITICAL - 2021-05-21 13:56:20 --> Invalid file: map.php
#0 C:\wamp64\www\travel_journal\vendor\codeigniter4\framework\system\View\View.php(213): CodeIgniter\Exceptions\FrameworkException::forInvalidFile('map.php')
#1 C:\wamp64\www\travel_journal\vendor\codeigniter4\framework\system\Common.php(1250): CodeIgniter\View\View->render('map', Array, true)
#2 C:\wamp64\www\travel_journal\app\Controllers\UserController.php(9): view('map')
#3 C:\wamp64\www\travel_journal\vendor\codeigniter4\framework\system\CodeIgniter.php(931): App\Controllers\UserController->index()
#4 C:\wamp64\www\travel_journal\vendor\codeigniter4\framework\system\CodeIgniter.php(439): CodeIgniter\CodeIgniter->runController(Object(App\Controllers\UserController))
#5 C:\wamp64\www\travel_journal\vendor\codeigniter4\framework\system\CodeIgniter.php(339): CodeIgniter\CodeIgniter->handleRequest(NULL, Object(Config\Cache), false)
#6 C:\wamp64\www\travel_journal\public\index.php(36): CodeIgniter\CodeIgniter->run()
#7 C:\wamp64\www\travel_journal\vendor\codeigniter4\framework\system\Commands\Server\rewrite.php(45): require_once('C:\\wamp64\\www\\t...')
#8 {main}
CRITICAL - 2021-05-21 14:22:23 --> Undefined variable: FCPATH
#0 C:\wamp64\www\travel_journal\app\Views\map.php(4): CodeIgniter\Debug\Exceptions->errorHandler(8, 'Undefined varia...', 'C:\\wamp64\\www\\t...', 4, Array)
#1 C:\wamp64\www\travel_journal\vendor\codeigniter4\framework\system\View\View.php(230): include('C:\\wamp64\\www\\t...')
#2 C:\wamp64\www\travel_journal\vendor\codeigniter4\framework\system\View\View.php(232): CodeIgniter\View\View->CodeIgniter\View\{closure}()
#3 C:\wamp64\www\travel_journal\vendor\codeigniter4\framework\system\Common.php(1250): CodeIgniter\View\View->render('map', Array, true)
#4 C:\wamp64\www\travel_journal\app\Controllers\UserController.php(9): view('map')
#5 C:\wamp64\www\travel_journal\vendor\codeigniter4\framework\system\CodeIgniter.php(931): App\Controllers\UserController->index()
#6 C:\wamp64\www\travel_journal\vendor\codeigniter4\framework\system\CodeIgniter.php(439): CodeIgniter\CodeIgniter->runController(Object(App\Controllers\UserController))
#7 C:\wamp64\www\travel_journal\vendor\codeigniter4\framework\system\CodeIgniter.php(339): CodeIgniter\CodeIgniter->handleRequest(NULL, Object(Config\Cache), false)
#8 C:\wamp64\www\travel_journal\public\index.php(36): CodeIgniter\CodeIgniter->run()
#9 C:\wamp64\www\travel_journal\vendor\codeigniter4\framework\system\Commands\Server\rewrite.php(45): require_once('C:\\wamp64\\www\\t...')
#10 {main}
CRITICAL - 2021-05-21 14:35:14 --> Use of undefined constant APPATH - assumed 'APPATH' (this will throw an Error in a future version of PHP)
#0 C:\wamp64\www\travel_journal\app\Views\map.php(20): CodeIgniter\Debug\Exceptions->errorHandler(2, 'Use of undefine...', 'C:\\wamp64\\www\\t...', 20, Array)
#1 C:\wamp64\www\travel_journal\vendor\codeigniter4\framework\system\View\View.php(230): include('C:\\wamp64\\www\\t...')
#2 C:\wamp64\www\travel_journal\vendor\codeigniter4\framework\system\View\View.php(232): CodeIgniter\View\View->CodeIgniter\View\{closure}()
#3 C:\wamp64\www\travel_journal\vendor\codeigniter4\framework\system\Common.php(1250): CodeIgniter\View\View->render('map', Array, true)
#4 C:\wamp64\www\travel_journal\app\Controllers\UserController.php(9): view('map')
#5 C:\wamp64\www\travel_journal\vendor\codeigniter4\framework\system\CodeIgniter.php(931): App\Controllers\UserController->index()
#6 C:\wamp64\www\travel_journal\vendor\codeigniter4\framework\system\CodeIgniter.php(439): CodeIgniter\CodeIgniter->runController(Object(App\Controllers\UserController))
#7 C:\wamp64\www\travel_journal\vendor\codeigniter4\framework\system\CodeIgniter.php(339): CodeIgniter\CodeIgniter->handleRequest(NULL, Object(Config\Cache), false)
#8 C:\wamp64\www\travel_journal\public\index.php(36): CodeIgniter\CodeIgniter->run()
#9 C:\wamp64\www\travel_journal\vendor\codeigniter4\framework\system\Commands\Server\rewrite.php(45): require_once('C:\\wamp64\\www\\t...')
#10 {main}
CRITICAL - 2021-05-21 14:57:22 --> Call to undefined function base_utl()
#0 C:\wamp64\www\travel_journal\vendor\codeigniter4\framework\system\View\View.php(230): include()
#1 C:\wamp64\www\travel_journal\vendor\codeigniter4\framework\system\View\View.php(232): CodeIgniter\View\View->CodeIgniter\View\{closure}()
#2 C:\wamp64\www\travel_journal\vendor\codeigniter4\framework\system\Common.php(1250): CodeIgniter\View\View->render('map', Array, true)
#3 C:\wamp64\www\travel_journal\app\Controllers\UserController.php(9): view('map')
#4 C:\wamp64\www\travel_journal\vendor\codeigniter4\framework\system\CodeIgniter.php(931): App\Controllers\UserController->index()
#5 C:\wamp64\www\travel_journal\vendor\codeigniter4\framework\system\CodeIgniter.php(439): CodeIgniter\CodeIgniter->runController(Object(App\Controllers\UserController))
#6 C:\wamp64\www\travel_journal\vendor\codeigniter4\framework\system\CodeIgniter.php(339): CodeIgniter\CodeIgniter->handleRequest(NULL, Object(Config\Cache), false)
#7 C:\wamp64\www\travel_journal\public\index.php(36): CodeIgniter\CodeIgniter->run()
#8 C:\wamp64\www\travel_journal\vendor\codeigniter4\framework\system\Commands\Server\rewrite.php(45): require_once('C:\\wamp64\\www\\t...')
#9 {main}
